{
  "stats": {
    "suites": 1,
    "tests": 1,
    "passes": 0,
    "pending": 0,
    "failures": 1,
    "start": "2020-12-22T09:50:04.902Z",
    "end": "2020-12-22T09:50:10.461Z",
    "duration": 5559,
    "testsRegistered": 1,
    "passPercent": 0,
    "pendingPercent": 0,
    "other": 0,
    "hasOther": false,
    "skipped": 0,
    "hasSkipped": false
  },
  "results": [
    {
      "uuid": "fc57d8ed-608c-4747-ac66-53ece3942123",
      "title": "",
      "fullFile": "cypress/integration/e2e/basic/failedCase_spec.js",
      "file": "cypress/integration/e2e/basic/failedCase_spec.js",
      "beforeHooks": [],
      "afterHooks": [],
      "tests": [],
      "suites": [
        {
          "uuid": "af0f0d59-3a89-4d6c-b4e0-a0a5962b8570",
          "title": "calculate test",
          "fullFile": "",
          "file": "",
          "beforeHooks": [],
          "afterHooks": [],
          "tests": [
            {
              "title": "should add correctly",
              "fullTitle": "calculate test should add correctly",
              "timedOut": null,
              "duration": 4574,
              "state": "failed",
              "speed": null,
              "pass": false,
              "fail": true,
              "pending": false,
              "context": null,
              "code": "cy.visit(\"http://juliemr.github.io/protractor-demo/\");\ncy.get('input[ng-model=\"first\"]').type(3);\ncy.get('select[ng-model=\"operator\"]').select(\"ADDITIONSS\");\ncy.get('input[ng-model=\"second\"]').clear();\ncy.get('input[ng-model=\"second\"]').type(4);\ncy.get(\"#gobutton\").click();",
              "err": {
                "message": "CypressError: Timed out retrying: `cy.select()` failed because it could not find a single `<option>` with value or text matching: `ADDITIONSS`\n\nhttps://on.cypress.io/select",
                "estack": "CypressError: Timed out retrying: `cy.select()` failed because it could not find a single `<option>` with value or text matching: `ADDITIONSS`\n\nhttps://on.cypress.io/select\n    at getOptions (http://juliemr.github.io/__cypress/runner/cypress_runner.js:152285:21)\n    at tryCatcher (http://juliemr.github.io/__cypress/runner/cypress_runner.js:9956:23)\n    at Function.Promise.attempt.Promise.try (http://juliemr.github.io/__cypress/runner/cypress_runner.js:7230:29)\n    at retryOptions (http://juliemr.github.io/__cypress/runner/cypress_runner.js:152323:30)\n    at tryCatcher (http://juliemr.github.io/__cypress/runner/cypress_runner.js:9956:23)\n    at Function.Promise.attempt.Promise.try (http://juliemr.github.io/__cypress/runner/cypress_runner.js:7230:29)\n    at tryFn (http://juliemr.github.io/__cypress/runner/cypress_runner.js:163481:24)\n    at whenStable (http://juliemr.github.io/__cypress/runner/cypress_runner.js:163522:12)\n    at http://juliemr.github.io/__cypress/runner/cypress_runner.js:163040:16\n    at tryCatcher (http://juliemr.github.io/__cypress/runner/cypress_runner.js:9956:23)\n    at Promise._settlePromiseFromHandler (http://juliemr.github.io/__cypress/runner/cypress_runner.js:7891:31)\n    at Promise._settlePromise (http://juliemr.github.io/__cypress/runner/cypress_runner.js:7948:18)\n    at Promise._settlePromise0 (http://juliemr.github.io/__cypress/runner/cypress_runner.js:7993:10)\n    at Promise._settlePromises (http://juliemr.github.io/__cypress/runner/cypress_runner.js:8073:18)\n    at Promise._fulfill (http://juliemr.github.io/__cypress/runner/cypress_runner.js:8017:18)\n    at http://juliemr.github.io/__cypress/runner/cypress_runner.js:9631:46\nFrom Your Spec Code:\n    at Context.eval (http://juliemr.github.io/__cypress/tests?p=cypress/integration/e2e/basic/failedCase_spec.js:8:43)",
                "diff": null
              },
              "uuid": "51353b0f-0b98-4cc6-927c-b1a666c61a66",
              "parentUUID": "af0f0d59-3a89-4d6c-b4e0-a0a5962b8570",
              "isHook": false,
              "skipped": false
            }
          ],
          "suites": [],
          "passes": [],
          "failures": [
            "51353b0f-0b98-4cc6-927c-b1a666c61a66"
          ],
          "pending": [],
          "skipped": [],
          "duration": 4574,
          "root": false,
          "rootEmpty": false,
          "_timeout": 2000
        }
      ],
      "passes": [],
      "failures": [],
      "pending": [],
      "skipped": [],
      "duration": 0,
      "root": true,
      "rootEmpty": true,
      "_timeout": 2000
    }
  ],
  "meta": {
    "mocha": {
      "version": "7.0.1"
    },
    "mochawesome": {
      "options": {
        "quiet": false,
        "reportFilename": "mochawesome",
        "saveHtml": false,
        "saveJson": true,
        "consoleReporter": "spec",
        "useInlineDiffs": false
      },
      "version": "4.1.0"
    },
    "marge": {
      "options": {
        "id": "default",
        "reportDir": "cypress/reports/mochawesome",
        "overwrite": false,
        "html": false,
        "json": true
      },
      "version": "4.1.0"
    }
  }
}