{
  "stats": {
    "suites": 1,
    "tests": 1,
    "passes": 0,
    "pending": 0,
    "failures": 1,
    "start": "2020-06-09T11:18:03.083Z",
    "end": "2020-06-09T11:18:21.160Z",
    "duration": 18077,
    "testsRegistered": 1,
    "passPercent": 0,
    "pendingPercent": 0,
    "other": 0,
    "hasOther": false,
    "skipped": 0,
    "hasSkipped": false
  },
  "results": [
    {
      "uuid": "9496f8c9-d6ae-4cac-97ac-8142d7c75cf5",
      "title": "",
      "fullFile": "cypress/integration/e2e/retry/failedRetry_spec.js",
      "file": "cypress/integration/e2e/retry/failedRetry_spec.js",
      "beforeHooks": [],
      "afterHooks": [],
      "tests": [],
      "suites": [
        {
          "uuid": "04459e18-8043-49e6-8f52-7ad9326f0fb4",
          "title": "calculate test",
          "fullFile": "",
          "file": "",
          "beforeHooks": [],
          "afterHooks": [],
          "tests": [
            {
              "title": "should add correctly",
              "fullTitle": "calculate test should add correctly",
              "timedOut": null,
              "duration": 5122,
              "state": "failed",
              "speed": null,
              "pass": false,
              "fail": true,
              "pending": false,
              "context": null,
              "code": "cy.visit(\"http://juliemr.github.io/protractor-demo/\");\ncy.get('input[ng-model=\"first\"]').type(3);\ncy.get('select[ng-model=\"operator\"]').select(\"ADDITIONSS\");\ncy.get('input[ng-model=\"second\"]').clear();\ncy.get('input[ng-model=\"second\"]').type(4);\ncy.get(\"#gobutton\").click();",
              "err": {
                "message": "CypressError: Timed out retrying: `cy.select()` failed because it could not find a single `<option>` with value or text matching: `ADDITIONSS`\n\nhttps://on.cypress.io/select",
                "estack": "CypressError: Timed out retrying: `cy.select()` failed because it could not find a single `<option>` with value or text matching: `ADDITIONSS`\n\nhttps://on.cypress.io/select\n    at cypressErr (http://juliemr.github.io/__cypress/runner/cypress_runner.js:146621:16)\n    at cypressErrByPath (http://juliemr.github.io/__cypress/runner/cypress_runner.js:146630:10)\n    at Object.throwErrByPath (http://juliemr.github.io/__cypress/runner/cypress_runner.js:146593:11)\n    at getOptions (http://juliemr.github.io/__cypress/runner/cypress_runner.js:130404:21)\n    at tryCatcher (http://juliemr.github.io/__cypress/runner/cypress_runner.js:9065:23)\n    at Function.Promise.attempt.Promise.try (http://juliemr.github.io/__cypress/runner/cypress_runner.js:6339:29)\n    at retryOptions (http://juliemr.github.io/__cypress/runner/cypress_runner.js:130431:30)\n    at tryCatcher (http://juliemr.github.io/__cypress/runner/cypress_runner.js:9065:23)\n    at Function.Promise.attempt.Promise.try (http://juliemr.github.io/__cypress/runner/cypress_runner.js:6339:29)\n    at tryFn (http://juliemr.github.io/__cypress/runner/cypress_runner.js:140680:21)\n    at whenStable (http://juliemr.github.io/__cypress/runner/cypress_runner.js:140715:12)\n    at http://juliemr.github.io/__cypress/runner/cypress_runner.js:140259:16\n    at tryCatcher (http://juliemr.github.io/__cypress/runner/cypress_runner.js:9065:23)\n    at Promise._settlePromiseFromHandler (http://juliemr.github.io/__cypress/runner/cypress_runner.js:7000:31)\n    at Promise._settlePromise (http://juliemr.github.io/__cypress/runner/cypress_runner.js:7057:18)\n    at Promise._settlePromise0 (http://juliemr.github.io/__cypress/runner/cypress_runner.js:7102:10)",
                "diff": null
              },
              "uuid": "c26450dd-aa46-4106-ac00-63a9b610fb85",
              "parentUUID": "04459e18-8043-49e6-8f52-7ad9326f0fb4",
              "isHook": false,
              "skipped": false
            }
          ],
          "suites": [],
          "passes": [],
          "failures": [
            "c26450dd-aa46-4106-ac00-63a9b610fb85"
          ],
          "pending": [],
          "skipped": [],
          "duration": 5122,
          "root": false,
          "rootEmpty": false,
          "_timeout": 2000
        }
      ],
      "passes": [],
      "failures": [],
      "pending": [],
      "skipped": [],
      "duration": 0,
      "root": true,
      "rootEmpty": true,
      "_timeout": 2000
    }
  ],
  "meta": {
    "mocha": {
      "version": "7.0.1"
    },
    "mochawesome": {
      "options": {
        "quiet": false,
        "reportFilename": "mochawesome",
        "saveHtml": false,
        "saveJson": true,
        "consoleReporter": "spec",
        "useInlineDiffs": false
      },
      "version": "4.1.0"
    },
    "marge": {
      "options": {
        "id": "default",
        "reportDir": "cypress/reports/mochawesome",
        "overwrite": false,
        "html": false,
        "json": true
      },
      "version": "4.0.1"
    }
  }
}