{
  "stats": {
    "suites": 1,
    "tests": 1,
    "passes": 0,
    "pending": 0,
    "failures": 1,
    "start": "2020-05-06T08:51:00.732Z",
    "end": "2020-05-06T08:51:00.941Z",
    "duration": 209,
    "testsRegistered": 1,
    "passPercent": 0,
    "pendingPercent": 0,
    "other": 0,
    "hasOther": false,
    "skipped": 0,
    "hasSkipped": false
  },
  "results": [
    {
      "uuid": "cbaee936-9590-435d-af7d-fb31ebe19080",
      "title": "",
      "fullFile": "",
      "file": "",
      "beforeHooks": [],
      "afterHooks": [],
      "tests": [],
      "suites": [
        {
          "uuid": "198e50c7-2a85-4804-adef-b72e67bfc315",
          "title": "control mysql database",
          "fullFile": "",
          "file": "",
          "beforeHooks": [],
          "afterHooks": [],
          "tests": [
            {
              "title": "get user info by username",
              "fullTitle": "control mysql database get user info by username",
              "timedOut": null,
              "duration": 196,
              "state": "failed",
              "speed": null,
              "pass": false,
              "fail": true,
              "pending": false,
              "context": null,
              "code": "getUserDataByUserName(\"zhangshan\");",
              "err": {
                "message": "SyntaxError: Unexpected token u in JSON at position 0",
                "estack": "SyntaxError: Unexpected token u in JSON at position 0\n    at JSON.parse (<anonymous>)\n    at getUserDataByUserName (http://localhost:64670/__cypress/tests?p=cypress/integration/e2e/db/control-mysql_spec.js-517:6:20)\n    at Context.<anonymous> (http://localhost:64670/__cypress/tests?p=cypress/integration/e2e/db/control-mysql_spec.js-517:11:5)",
                "diff": null
              },
              "uuid": "2052cab2-55cb-491e-b5ab-8733ec86a2c5",
              "parentUUID": "198e50c7-2a85-4804-adef-b72e67bfc315",
              "isHook": false,
              "skipped": false
            }
          ],
          "suites": [],
          "passes": [],
          "failures": [
            "2052cab2-55cb-491e-b5ab-8733ec86a2c5"
          ],
          "pending": [],
          "skipped": [],
          "duration": 196,
          "root": false,
          "rootEmpty": false,
          "_timeout": 2000
        }
      ],
      "passes": [],
      "failures": [],
      "pending": [],
      "skipped": [],
      "duration": 0,
      "root": true,
      "rootEmpty": true,
      "_timeout": 2000
    }
  ],
  "meta": {
    "mocha": {
      "version": "6.2.2"
    },
    "mochawesome": {
      "options": {
        "quiet": false,
        "reportFilename": "mochawesome",
        "saveHtml": false,
        "saveJson": true,
        "consoleReporter": "spec",
        "useInlineDiffs": false
      },
      "version": "4.1.0"
    },
    "marge": {
      "options": {
        "id": "default",
        "reportDir": "cypress/reports/mochawesome",
        "overwrite": false,
        "html": false,
        "json": true
      },
      "version": "4.0.1"
    }
  }
}