{
  "stats": {
    "suites": 1,
    "tests": 1,
    "passes": 1,
    "pending": 0,
    "failures": 0,
    "start": "2020-12-22T09:50:17.638Z",
    "end": "2020-12-22T09:50:20.406Z",
    "duration": 2768,
    "testsRegistered": 1,
    "passPercent": 100,
    "pendingPercent": 0,
    "other": 0,
    "hasOther": false,
    "skipped": 0,
    "hasSkipped": false
  },
  "results": [
    {
      "uuid": "7b13b169-a4ad-447b-9ad1-1f36acb7afe1",
      "title": "",
      "fullFile": "cypress/integration/e2e/basic/loginDemo_spec.js",
      "file": "cypress/integration/e2e/basic/loginDemo_spec.js",
      "beforeHooks": [],
      "afterHooks": [],
      "tests": [],
      "suites": [
        {
          "uuid": "31fe8847-dbb6-459f-aa5c-98a8c9162b13",
          "title": "login demo",
          "fullFile": "",
          "file": "",
          "beforeHooks": [],
          "afterHooks": [],
          "tests": [
            {
              "title": "login test",
              "fullTitle": "login demo login test",
              "timedOut": null,
              "duration": 1687,
              "state": "passed",
              "speed": "slow",
              "pass": true,
              "fail": false,
              "pending": false,
              "context": null,
              "code": "cy.visit(\"https://angular.realworld.io\");\ncy.get('app-layout-header ul li a[href=\"/login\"]').click();\ncy.get('[formcontrolname=email]').type(\"e2etest@163.com\");\ncy.get('[formcontrolname=password]').type(\"12345678\");\ncy.get('app-auth-page button[type=\"submit\"]').click();",
              "err": {},
              "uuid": "9a20043b-1a6f-41d9-be79-804647a2b229",
              "parentUUID": "31fe8847-dbb6-459f-aa5c-98a8c9162b13",
              "isHook": false,
              "skipped": false
            }
          ],
          "suites": [],
          "passes": [
            "9a20043b-1a6f-41d9-be79-804647a2b229"
          ],
          "failures": [],
          "pending": [],
          "skipped": [],
          "duration": 1687,
          "root": false,
          "rootEmpty": false,
          "_timeout": 2000
        }
      ],
      "passes": [],
      "failures": [],
      "pending": [],
      "skipped": [],
      "duration": 0,
      "root": true,
      "rootEmpty": true,
      "_timeout": 2000
    }
  ],
  "meta": {
    "mocha": {
      "version": "7.0.1"
    },
    "mochawesome": {
      "options": {
        "quiet": false,
        "reportFilename": "mochawesome",
        "saveHtml": false,
        "saveJson": true,
        "consoleReporter": "spec",
        "useInlineDiffs": false
      },
      "version": "4.1.0"
    },
    "marge": {
      "options": {
        "id": "default",
        "reportDir": "cypress/reports/mochawesome",
        "overwrite": false,
        "html": false,
        "json": true
      },
      "version": "4.1.0"
    }
  }
}