{
  "stats": {
    "suites": 1,
    "tests": 1,
    "passes": 0,
    "pending": 0,
    "failures": 1,
    "start": "2020-05-06T08:42:28.024Z",
    "end": "2020-05-06T08:42:28.284Z",
    "duration": 260,
    "testsRegistered": 1,
    "passPercent": 0,
    "pendingPercent": 0,
    "other": 0,
    "hasOther": false,
    "skipped": 0,
    "hasSkipped": false
  },
  "results": [
    {
      "uuid": "97f15295-e0d2-49a5-86c8-9ca40079d72d",
      "title": "",
      "fullFile": "",
      "file": "",
      "beforeHooks": [],
      "afterHooks": [],
      "tests": [],
      "suites": [
        {
          "uuid": "021adf98-fba5-46b1-bfee-c4f8907fb474",
          "title": "control mysql database",
          "fullFile": "",
          "file": "",
          "beforeHooks": [],
          "afterHooks": [],
          "tests": [
            {
              "title": "get user info by username",
              "fullTitle": "control mysql database get user info by username",
              "timedOut": null,
              "duration": 225,
              "state": "failed",
              "speed": null,
              "pass": false,
              "fail": true,
              "pending": false,
              "context": null,
              "code": "getUserDataByUserName(\"zhangshan\");",
              "err": {
                "message": "CypressError: cy.task('controlMysql') failed with the following error:\n\n> Error: ER_BAD_FIELD_ERROR: Unknown column 'zhangshan' in 'where clause'\n    at Query.Sequence._packetToError (/Users/qiaoli/qiaotl/document/write/cypress/node_modules/mysql/lib/protocol/sequences/Sequence.js:47:14)\n    at Query.ErrorPacket (/Users/qiaoli/qiaotl/document/write/cypress/node_modules/mysql/lib/protocol/sequences/Query.js:79:18)\n    at Protocol._parsePacket (/Users/qiaoli/qiaotl/document/write/cypress/node_modules/mysql/lib/protocol/Protocol.js:291:23)\n    at Parser._parsePacket (/Users/qiaoli/qiaotl/document/write/cypress/node_modules/mysql/lib/protocol/Parser.js:433:10)\n    at Parser.write (/Users/qiaoli/qiaotl/document/write/cypress/node_modules/mysql/lib/protocol/Parser.js:43:10)\n    at Protocol.write (/Users/qiaoli/qiaotl/document/write/cypress/node_modules/mysql/lib/protocol/Protocol.js:38:16)\n    at Socket.<anonymous> (/Users/qiaoli/qiaotl/document/write/cypress/node_modules/mysql/lib/Connection.js:88:28)\n    at Socket.<anonymous> (/Users/qiaoli/qiaotl/document/write/cypress/node_modules/mysql/lib/Connection.js:526:10)\n    at emitOne (events.js:116:13)\n    at Socket.emit (events.js:211:7)\n    at addChunk (_stream_readable.js:263:12)\n    at readableAddChunk (_stream_readable.js:250:11)\n    at Socket.Readable.push (_stream_readable.js:208:10)\n    at TCP.onread (net.js:594:20)\n    --------------------\n    at Protocol._enqueue (/Users/qiaoli/qiaotl/document/write/cypress/node_modules/mysql/lib/protocol/Protocol.js:144:48)\n    at Connection.query (/Users/qiaoli/qiaotl/document/write/cypress/node_modules/mysql/lib/Connection.js:198:25)\n    at Promise (/Users/qiaoli/qiaotl/document/write/cypress/cypress/plugins/index.js:27:25)\n    at new Promise (<anonymous>)\n    at controlMysql (/Users/qiaoli/qiaotl/document/write/cypress/cypress/plugins/index.js:26:24)\n    at invoke (/Users/qiaoli/Library/Caches/Cypress/3.4.1/Cypress.app/Contents/Resources/app/packages/server/lib/plugins/child/task.js:41:14)\n    at /Users/qiaoli/Library/Caches/Cypress/3.4.1/Cypress.app/Contents/Resources/app/packages/server/lib/plugins/util.js:48:16\n    at tryCatcher (/Users/qiaoli/Library/Caches/Cypress/3.4.1/Cypress.app/Contents/Resources/app/packages/server/node_modules/bluebird/js/release/util.js:16:23)\n    at Function.Promise.attempt.Promise.try (/Users/qiaoli/Library/Caches/Cypress/3.4.1/Cypress.app/Contents/Resources/app/packages/server/node_modules/bluebird/js/release/method.js:39:29)\n    at Object.wrapChildPromise (/Users/qiaoli/Library/Caches/Cypress/3.4.1/Cypress.app/Contents/Resources/app/packages/server/lib/plugins/util.js:47:28)\n    at Object.wrap (/Users/qiaoli/Library/Caches/Cypress/3.4.1/Cypress.app/Contents/Resources/app/packages/server/lib/plugins/child/task.js:48:8)\n    at execute (/Users/qiaoli/Library/Caches/Cypress/3.4.1/Cypress.app/Contents/Resources/app/packages/server/lib/plugins/child/run_plugins.js:94:12)\n    at EventEmitter.ipc.on (/Users/qiaoli/Library/Caches/Cypress/3.4.1/Cypress.app/Contents/Resources/app/packages/server/lib/plugins/child/run_plugins.js:153:5)\n    at emitThree (events.js:136:13)\n    at EventEmitter.emit (events.js:217:7)\n    at process.<anonymous> (/Users/qiaoli/Library/Caches/Cypress/3.4.1/Cypress.app/Contents/Resources/app/packages/server/lib/plugins/util.js:25:29)",
                "estack": "CypressError: cy.task('controlMysql') failed with the following error:\n\n> Error: ER_BAD_FIELD_ERROR: Unknown column 'zhangshan' in 'where clause'\n    at Query.Sequence._packetToError (/Users/qiaoli/qiaotl/document/write/cypress/node_modules/mysql/lib/protocol/sequences/Sequence.js:47:14)\n    at Query.ErrorPacket (/Users/qiaoli/qiaotl/document/write/cypress/node_modules/mysql/lib/protocol/sequences/Query.js:79:18)\n    at Protocol._parsePacket (/Users/qiaoli/qiaotl/document/write/cypress/node_modules/mysql/lib/protocol/Protocol.js:291:23)\n    at Parser._parsePacket (/Users/qiaoli/qiaotl/document/write/cypress/node_modules/mysql/lib/protocol/Parser.js:433:10)\n    at Parser.write (/Users/qiaoli/qiaotl/document/write/cypress/node_modules/mysql/lib/protocol/Parser.js:43:10)\n    at Protocol.write (/Users/qiaoli/qiaotl/document/write/cypress/node_modules/mysql/lib/protocol/Protocol.js:38:16)\n    at Socket.<anonymous> (/Users/qiaoli/qiaotl/document/write/cypress/node_modules/mysql/lib/Connection.js:88:28)\n    at Socket.<anonymous> (/Users/qiaoli/qiaotl/document/write/cypress/node_modules/mysql/lib/Connection.js:526:10)\n    at emitOne (events.js:116:13)\n    at Socket.emit (events.js:211:7)\n    at addChunk (_stream_readable.js:263:12)\n    at readableAddChunk (_stream_readable.js:250:11)\n    at Socket.Readable.push (_stream_readable.js:208:10)\n    at TCP.onread (net.js:594:20)\n    --------------------\n    at Protocol._enqueue (/Users/qiaoli/qiaotl/document/write/cypress/node_modules/mysql/lib/protocol/Protocol.js:144:48)\n    at Connection.query (/Users/qiaoli/qiaotl/document/write/cypress/node_modules/mysql/lib/Connection.js:198:25)\n    at Promise (/Users/qiaoli/qiaotl/document/write/cypress/cypress/plugins/index.js:27:25)\n    at new Promise (<anonymous>)\n    at controlMysql (/Users/qiaoli/qiaotl/document/write/cypress/cypress/plugins/index.js:26:24)\n    at invoke (/Users/qiaoli/Library/Caches/Cypress/3.4.1/Cypress.app/Contents/Resources/app/packages/server/lib/plugins/child/task.js:41:14)\n    at /Users/qiaoli/Library/Caches/Cypress/3.4.1/Cypress.app/Contents/Resources/app/packages/server/lib/plugins/util.js:48:16\n    at tryCatcher (/Users/qiaoli/Library/Caches/Cypress/3.4.1/Cypress.app/Contents/Resources/app/packages/server/node_modules/bluebird/js/release/util.js:16:23)\n    at Function.Promise.attempt.Promise.try (/Users/qiaoli/Library/Caches/Cypress/3.4.1/Cypress.app/Contents/Resources/app/packages/server/node_modules/bluebird/js/release/method.js:39:29)\n    at Object.wrapChildPromise (/Users/qiaoli/Library/Caches/Cypress/3.4.1/Cypress.app/Contents/Resources/app/packages/server/lib/plugins/util.js:47:28)\n    at Object.wrap (/Users/qiaoli/Library/Caches/Cypress/3.4.1/Cypress.app/Contents/Resources/app/packages/server/lib/plugins/child/task.js:48:8)\n    at execute (/Users/qiaoli/Library/Caches/Cypress/3.4.1/Cypress.app/Contents/Resources/app/packages/server/lib/plugins/child/run_plugins.js:94:12)\n    at EventEmitter.ipc.on (/Users/qiaoli/Library/Caches/Cypress/3.4.1/Cypress.app/Contents/Resources/app/packages/server/lib/plugins/child/run_plugins.js:153:5)\n    at emitThree (events.js:136:13)\n    at EventEmitter.emit (events.js:217:7)\n    at process.<anonymous> (/Users/qiaoli/Library/Caches/Cypress/3.4.1/Cypress.app/Contents/Resources/app/packages/server/lib/plugins/util.js:25:29)\n    at Object.cypressErr (http://localhost:63376/__cypress/runner/cypress_runner.js:85348:11)\n    at Object.throwErr (http://localhost:63376/__cypress/runner/cypress_runner.js:85303:18)\n    at Object.throwErrByPath (http://localhost:63376/__cypress/runner/cypress_runner.js:85335:17)\n    at http://localhost:63376/__cypress/runner/cypress_runner.js:75372:23\n    at tryCatcher (http://localhost:63376/__cypress/runner/cypress_runner.js:118962:23)\n    at Promise._settlePromiseFromHandler (http://localhost:63376/__cypress/runner/cypress_runner.js:116898:31)\n    at Promise._settlePromise (http://localhost:63376/__cypress/runner/cypress_runner.js:116955:18)\n    at Promise._settlePromise0 (http://localhost:63376/__cypress/runner/cypress_runner.js:117000:10)\n    at Promise._settlePromises (http://localhost:63376/__cypress/runner/cypress_runner.js:117075:18)\n    at Async../node_modules/bluebird/js/release/async.js.Async._drainQueue (http://localhost:63376/__cypress/runner/cypress_runner.js:113687:16)\n    at Async../node_modules/bluebird/js/release/async.js.Async._drainQueues (http://localhost:63376/__cypress/runner/cypress_runner.js:113697:10)\n    at Async.drainQueues (http://localhost:63376/__cypress/runner/cypress_runner.js:113571:14)\n    at <anonymous>",
                "diff": null
              },
              "uuid": "11f8fc4b-2ce6-410b-845e-eb100671fa5d",
              "parentUUID": "021adf98-fba5-46b1-bfee-c4f8907fb474",
              "isHook": false,
              "skipped": false
            }
          ],
          "suites": [],
          "passes": [],
          "failures": [
            "11f8fc4b-2ce6-410b-845e-eb100671fa5d"
          ],
          "pending": [],
          "skipped": [],
          "duration": 225,
          "root": false,
          "rootEmpty": false,
          "_timeout": 2000
        }
      ],
      "passes": [],
      "failures": [],
      "pending": [],
      "skipped": [],
      "duration": 0,
      "root": true,
      "rootEmpty": true,
      "_timeout": 2000
    }
  ],
  "meta": {
    "mocha": {
      "version": "6.2.2"
    },
    "mochawesome": {
      "options": {
        "quiet": false,
        "reportFilename": "mochawesome",
        "saveHtml": false,
        "saveJson": true,
        "consoleReporter": "spec",
        "useInlineDiffs": false
      },
      "version": "4.1.0"
    },
    "marge": {
      "options": {
        "id": "default",
        "reportDir": "cypress/reports/mochawesome",
        "overwrite": false,
        "html": false,
        "json": true
      },
      "version": "4.0.1"
    }
  }
}