{
  "stats": {
    "suites": 1,
    "tests": 1,
    "passes": 1,
    "pending": 0,
    "failures": 0,
    "start": "2020-12-22T09:49:02.630Z",
    "end": "2020-12-22T09:49:05.949Z",
    "duration": 3319,
    "testsRegistered": 1,
    "passPercent": 100,
    "pendingPercent": 0,
    "other": 0,
    "hasOther": false,
    "skipped": 0,
    "hasSkipped": false
  },
  "results": [
    {
      "uuid": "0c6b3916-514b-4a51-9113-dd46fe1f10e4",
      "title": "",
      "fullFile": "cypress/integration/e2e/basic/loginDemo_spec.js",
      "file": "cypress/integration/e2e/basic/loginDemo_spec.js",
      "beforeHooks": [],
      "afterHooks": [],
      "tests": [],
      "suites": [
        {
          "uuid": "9402e49d-19bb-49c6-b337-d82097e5dddb",
          "title": "login demo",
          "fullFile": "",
          "file": "",
          "beforeHooks": [],
          "afterHooks": [],
          "tests": [
            {
              "title": "login test",
              "fullTitle": "login demo login test",
              "timedOut": null,
              "duration": 2066,
              "state": "passed",
              "speed": "slow",
              "pass": true,
              "fail": false,
              "pending": false,
              "context": null,
              "code": "cy.visit(\"https://angular.realworld.io\");\ncy.get('app-layout-header ul li a[href=\"/login\"]').click();\ncy.get('[formcontrolname=email]').type(\"e2etest@163.com\");\ncy.get('[formcontrolname=password]').type(\"12345678\");\ncy.get('app-auth-page button[type=\"submit\"]').click();",
              "err": {},
              "uuid": "56f32e96-c3b8-4cd1-9a82-b6eb7eb79537",
              "parentUUID": "9402e49d-19bb-49c6-b337-d82097e5dddb",
              "isHook": false,
              "skipped": false
            }
          ],
          "suites": [],
          "passes": [
            "56f32e96-c3b8-4cd1-9a82-b6eb7eb79537"
          ],
          "failures": [],
          "pending": [],
          "skipped": [],
          "duration": 2066,
          "root": false,
          "rootEmpty": false,
          "_timeout": 2000
        }
      ],
      "passes": [],
      "failures": [],
      "pending": [],
      "skipped": [],
      "duration": 0,
      "root": true,
      "rootEmpty": true,
      "_timeout": 2000
    }
  ],
  "meta": {
    "mocha": {
      "version": "7.0.1"
    },
    "mochawesome": {
      "options": {
        "quiet": false,
        "reportFilename": "mochawesome",
        "saveHtml": false,
        "saveJson": true,
        "consoleReporter": "spec",
        "useInlineDiffs": false
      },
      "version": "4.1.0"
    },
    "marge": {
      "options": {
        "id": "default",
        "reportDir": "cypress/reports/mochawesome",
        "overwrite": false,
        "html": false,
        "json": true
      },
      "version": "4.1.0"
    }
  }
}