{
  "stats": {
    "suites": 1,
    "tests": 1,
    "passes": 0,
    "pending": 0,
    "failures": 1,
    "start": "2020-05-06T08:38:50.132Z",
    "end": "2020-05-06T08:38:50.402Z",
    "duration": 270,
    "testsRegistered": 1,
    "passPercent": 0,
    "pendingPercent": 0,
    "other": 0,
    "hasOther": false,
    "skipped": 0,
    "hasSkipped": false
  },
  "results": [
    {
      "uuid": "539fbb63-901c-445a-b11b-3b1fb11b5981",
      "title": "",
      "fullFile": "",
      "file": "",
      "beforeHooks": [],
      "afterHooks": [],
      "tests": [],
      "suites": [
        {
          "uuid": "5c1dbd47-a06a-40a1-a2a4-f45fe8f1851b",
          "title": "control mysql database",
          "fullFile": "",
          "file": "",
          "beforeHooks": [],
          "afterHooks": [],
          "tests": [
            {
              "title": "get user info by username",
              "fullTitle": "control mysql database get user info by username",
              "timedOut": null,
              "duration": 248,
              "state": "failed",
              "speed": null,
              "pass": false,
              "fail": true,
              "pending": false,
              "context": null,
              "code": "getUserDataByUserName(\"zhangshan\");",
              "err": {
                "message": "CypressError: cy.task('controlMysql') failed with the following error:\n\nThe task 'controlMysql' was not handled in the plugins file. The following tasks are registered: logRetry\n\nFix this in your plugins file here:\n/Users/qiaoli/qiaotl/document/write/cypress/cypress/plugins/index.js\n\nhttps://on.cypress.io/api/task",
                "estack": "CypressError: cy.task('controlMysql') failed with the following error:\n\nThe task 'controlMysql' was not handled in the plugins file. The following tasks are registered: logRetry\n\nFix this in your plugins file here:\n/Users/qiaoli/qiaotl/document/write/cypress/cypress/plugins/index.js\n\nhttps://on.cypress.io/api/task\n    at Object.cypressErr (http://localhost:62817/__cypress/runner/cypress_runner.js:85348:11)\n    at Object.throwErr (http://localhost:62817/__cypress/runner/cypress_runner.js:85303:18)\n    at Object.throwErrByPath (http://localhost:62817/__cypress/runner/cypress_runner.js:85335:17)\n    at http://localhost:62817/__cypress/runner/cypress_runner.js:75364:18\n    at tryCatcher (http://localhost:62817/__cypress/runner/cypress_runner.js:118962:23)\n    at Promise._settlePromiseFromHandler (http://localhost:62817/__cypress/runner/cypress_runner.js:116898:31)\n    at Promise._settlePromise (http://localhost:62817/__cypress/runner/cypress_runner.js:116955:18)\n    at Promise._settlePromise0 (http://localhost:62817/__cypress/runner/cypress_runner.js:117000:10)\n    at Promise._settlePromises (http://localhost:62817/__cypress/runner/cypress_runner.js:117075:18)\n    at Async../node_modules/bluebird/js/release/async.js.Async._drainQueue (http://localhost:62817/__cypress/runner/cypress_runner.js:113687:16)\n    at Async../node_modules/bluebird/js/release/async.js.Async._drainQueues (http://localhost:62817/__cypress/runner/cypress_runner.js:113697:10)\n    at Async.drainQueues (http://localhost:62817/__cypress/runner/cypress_runner.js:113571:14)\n    at <anonymous>",
                "diff": null
              },
              "uuid": "b3e65466-cfd7-483e-9dce-d5c54eced790",
              "parentUUID": "5c1dbd47-a06a-40a1-a2a4-f45fe8f1851b",
              "isHook": false,
              "skipped": false
            }
          ],
          "suites": [],
          "passes": [],
          "failures": [
            "b3e65466-cfd7-483e-9dce-d5c54eced790"
          ],
          "pending": [],
          "skipped": [],
          "duration": 248,
          "root": false,
          "rootEmpty": false,
          "_timeout": 2000
        }
      ],
      "passes": [],
      "failures": [],
      "pending": [],
      "skipped": [],
      "duration": 0,
      "root": true,
      "rootEmpty": true,
      "_timeout": 2000
    }
  ],
  "meta": {
    "mocha": {
      "version": "6.2.2"
    },
    "mochawesome": {
      "options": {
        "quiet": false,
        "reportFilename": "mochawesome",
        "saveHtml": false,
        "saveJson": true,
        "consoleReporter": "spec",
        "useInlineDiffs": false
      },
      "version": "4.1.0"
    },
    "marge": {
      "options": {
        "id": "default",
        "reportDir": "cypress/reports/mochawesome",
        "overwrite": false,
        "html": false,
        "json": true
      },
      "version": "4.0.1"
    }
  }
}