{
  "stats": {
    "suites": 1,
    "tests": 1,
    "passes": 1,
    "pending": 0,
    "failures": 0,
    "start": "2020-12-22T09:49:43.668Z",
    "end": "2020-12-22T09:49:48.164Z",
    "duration": 4496,
    "testsRegistered": 1,
    "passPercent": 100,
    "pendingPercent": 0,
    "other": 0,
    "hasOther": false,
    "skipped": 0,
    "hasSkipped": false
  },
  "results": [
    {
      "uuid": "4afb3bbd-0867-4201-882b-bc516e366492",
      "title": "",
      "fullFile": "cypress/integration/e2e/basic/autoWaitDemo_spec.js",
      "file": "cypress/integration/e2e/basic/autoWaitDemo_spec.js",
      "beforeHooks": [],
      "afterHooks": [],
      "tests": [],
      "suites": [
        {
          "uuid": "ba54de07-4b7b-4372-878f-02502ff152b2",
          "title": "calculate test",
          "fullFile": "",
          "file": "",
          "beforeHooks": [],
          "afterHooks": [],
          "tests": [
            {
              "title": "should add correctly",
              "fullTitle": "calculate test should add correctly",
              "timedOut": null,
              "duration": 3268,
              "state": "passed",
              "speed": "slow",
              "pass": true,
              "fail": false,
              "pending": false,
              "context": null,
              "code": "calculationPage.openWebApp();\ncalculationPage.addNumber(2, 3);\ncalculationPage.shouldCalculationCorrect(5);",
              "err": {},
              "uuid": "1fe02d3e-a0c5-4cfb-90a7-7a78dd3d14f1",
              "parentUUID": "ba54de07-4b7b-4372-878f-02502ff152b2",
              "isHook": false,
              "skipped": false
            }
          ],
          "suites": [],
          "passes": [
            "1fe02d3e-a0c5-4cfb-90a7-7a78dd3d14f1"
          ],
          "failures": [],
          "pending": [],
          "skipped": [],
          "duration": 3268,
          "root": false,
          "rootEmpty": false,
          "_timeout": 2000
        }
      ],
      "passes": [],
      "failures": [],
      "pending": [],
      "skipped": [],
      "duration": 0,
      "root": true,
      "rootEmpty": true,
      "_timeout": 2000
    }
  ],
  "meta": {
    "mocha": {
      "version": "7.0.1"
    },
    "mochawesome": {
      "options": {
        "quiet": false,
        "reportFilename": "mochawesome",
        "saveHtml": false,
        "saveJson": true,
        "consoleReporter": "spec",
        "useInlineDiffs": false
      },
      "version": "4.1.0"
    },
    "marge": {
      "options": {
        "id": "default",
        "reportDir": "cypress/reports/mochawesome",
        "overwrite": false,
        "html": false,
        "json": true
      },
      "version": "4.1.0"
    }
  }
}