{
  "stats": {
    "suites": 1,
    "tests": 1,
    "passes": 0,
    "pending": 0,
    "failures": 1,
    "start": "2020-05-08T09:25:09.376Z",
    "end": "2020-05-08T09:25:09.590Z",
    "duration": 214,
    "testsRegistered": 1,
    "passPercent": 0,
    "pendingPercent": 0,
    "other": 0,
    "hasOther": false,
    "skipped": 0,
    "hasSkipped": false
  },
  "results": [
    {
      "uuid": "bc53c97a-2490-41c9-ad64-f291b8a0bf9b",
      "title": "",
      "fullFile": "",
      "file": "",
      "beforeHooks": [],
      "afterHooks": [],
      "tests": [],
      "suites": [
        {
          "uuid": "3b10fd4f-5af7-47fe-a865-443def376519",
          "title": "upload file demo",
          "fullFile": "",
          "file": "",
          "beforeHooks": [],
          "afterHooks": [],
          "tests": [
            {
              "title": "should upload file successfully",
              "fullTitle": "upload file demo should upload file successfully",
              "timedOut": null,
              "duration": 202,
              "state": "failed",
              "speed": null,
              "pass": false,
              "fail": true,
              "pending": false,
              "context": null,
              "code": "cy.visit(\"https://chercher.tech/practice/popups\");\ncy.get('input[type=\"file\"]').attachFile('.cypress/fixture/testdata/user.json');\ncy.wait(3000);",
              "err": {
                "message": "TypeError: cy.get(...).attachFile is not a function",
                "estack": "TypeError: cy.get(...).attachFile is not a function\n    at Context.<anonymous> (http://localhost:54326/__cypress/tests?p=cypress/integration/e2e/action/uploadFile_spec.js-505:7:34)",
                "diff": null
              },
              "uuid": "c4287202-05f0-4b57-a6f0-311394633096",
              "parentUUID": "3b10fd4f-5af7-47fe-a865-443def376519",
              "isHook": false,
              "skipped": false
            }
          ],
          "suites": [],
          "passes": [],
          "failures": [
            "c4287202-05f0-4b57-a6f0-311394633096"
          ],
          "pending": [],
          "skipped": [],
          "duration": 202,
          "root": false,
          "rootEmpty": false,
          "_timeout": 2000
        }
      ],
      "passes": [],
      "failures": [],
      "pending": [],
      "skipped": [],
      "duration": 0,
      "root": true,
      "rootEmpty": true,
      "_timeout": 2000
    }
  ],
  "meta": {
    "mocha": {
      "version": "6.2.2"
    },
    "mochawesome": {
      "options": {
        "quiet": false,
        "reportFilename": "mochawesome",
        "saveHtml": false,
        "saveJson": true,
        "consoleReporter": "spec",
        "useInlineDiffs": false
      },
      "version": "4.1.0"
    },
    "marge": {
      "options": {
        "id": "default",
        "reportDir": "cypress/reports/mochawesome",
        "overwrite": false,
        "html": false,
        "json": true
      },
      "version": "4.0.1"
    }
  }
}