{
  "stats": {
    "suites": 1,
    "tests": 1,
    "passes": 1,
    "pending": 0,
    "failures": 0,
    "start": "2020-06-05T11:25:50.752Z",
    "end": "2020-06-05T11:25:59.001Z",
    "duration": 8249,
    "testsRegistered": 1,
    "passPercent": 100,
    "pendingPercent": 0,
    "other": 0,
    "hasOther": false,
    "skipped": 0,
    "hasSkipped": false
  },
  "results": [
    {
      "uuid": "43b8c433-c471-495a-a368-b8bb4255b7a2",
      "title": "",
      "fullFile": "cypress/integration/e2e/assertion/assertPractice_spec.js",
      "file": "cypress/integration/e2e/assertion/assertPractice_spec.js",
      "beforeHooks": [],
      "afterHooks": [],
      "tests": [],
      "suites": [
        {
          "uuid": "b9fc0d12-d969-4a3d-bd8e-4e3aa37c2905",
          "title": "practice assert element content",
          "fullFile": "",
          "file": "",
          "beforeHooks": [],
          "afterHooks": [],
          "tests": [
            {
              "title": "assert it",
              "fullTitle": "practice assert element content assert it",
              "timedOut": null,
              "duration": 6363,
              "state": "passed",
              "speed": "slow",
              "pass": true,
              "fail": false,
              "pending": false,
              "context": null,
              "code": "cy.visit(\"https://angular.realworld.io\");\ncy.get('app-layout-header ul li a').eq(0).should('contain', 'Home');\ncy.get('app-layout-header ul li a').eq(1).should('contain', 'Sign in');\ncy.get('app-layout-header ul li a').eq(2).should('contain', 'Sign up');\ncy.get('app-layout-header ul li a[href=\"/login\"]').click();\ncy.get('[formcontrolname=email]').clear();\ncy.get('[formcontrolname=email]').type(\"e2etest@163.com\");\ncy.get('[formcontrolname=password]').clear();\ncy.get('[formcontrolname=password]').type(\"12345678\");\ncy.get('app-auth-page button[type=\"submit\"]').click();\ncy.get('app-layout-header ul li a').should('have.length', 4);\ncy.get('app-layout-header ul li a').eq(0).should('contain', 'Home');\ncy.get('app-layout-header ul li a').eq(1).should('contain', 'New Article');\ncy.get('app-layout-header ul li a').eq(2).should('contain', 'Settings');\ncy.get('app-layout-header ul li a').eq(3).should('contain', 'e2etest');\ncy.get('app-home-page li a').contains('Your Feed').should('have.class', 'active');\ncy.get('app-layout-header ul li a').contains('Sign in').should('not.exist');\ncy.get('app-layout-header ul li a').contains('Sign up').should('not.exist');\ncy.get('app-layout-header ul li a').contains('Settings').click();\ncy.get('app-settings-page h1').should('contain', 'Your Settings');\ncy.get('app-settings-page button[class=\"btn btn-outline-danger\"]').click();\ncy.get('app-home-page li a').contains('Global Feed').should('have.class', 'active');\ncy.get('app-layout-header ul li a').should('have.length', 3);\ncy.get('app-layout-header ul li a').contains('Home').should('exist');\ncy.get('app-layout-header ul li a').contains('Sign in').should('exist');\ncy.get('app-layout-header ul li a').contains('Sign up').should('exist');",
              "err": {},
              "uuid": "076deae3-6dd3-4430-b203-a7da0ba47e67",
              "parentUUID": "b9fc0d12-d969-4a3d-bd8e-4e3aa37c2905",
              "isHook": false,
              "skipped": false
            }
          ],
          "suites": [],
          "passes": [
            "076deae3-6dd3-4430-b203-a7da0ba47e67"
          ],
          "failures": [],
          "pending": [],
          "skipped": [],
          "duration": 6363,
          "root": false,
          "rootEmpty": false,
          "_timeout": 2000
        }
      ],
      "passes": [],
      "failures": [],
      "pending": [],
      "skipped": [],
      "duration": 0,
      "root": true,
      "rootEmpty": true,
      "_timeout": 2000
    }
  ],
  "meta": {
    "mocha": {
      "version": "7.0.1"
    },
    "mochawesome": {
      "options": {
        "quiet": false,
        "reportFilename": "mochawesome",
        "saveHtml": false,
        "saveJson": true,
        "consoleReporter": "spec",
        "useInlineDiffs": false
      },
      "version": "4.1.0"
    },
    "marge": {
      "options": {
        "id": "default",
        "reportDir": "cypress/reports/mochawesome",
        "overwrite": false,
        "html": false,
        "json": true
      },
      "version": "4.0.1"
    }
  }
}