{
  "stats": {
    "suites": 1,
    "tests": 1,
    "passes": 0,
    "pending": 0,
    "failures": 1,
    "start": "2020-03-03T11:10:15.814Z",
    "end": "2020-03-03T11:10:29.822Z",
    "duration": 14008,
    "testsRegistered": 1,
    "passPercent": 0,
    "pendingPercent": 0,
    "other": 0,
    "hasOther": false,
    "skipped": 0,
    "hasSkipped": false
  },
  "results": [
    {
      "uuid": "10b5f111-a00d-4731-a534-3d1870e3fa72",
      "title": "",
      "fullFile": "",
      "file": "",
      "beforeHooks": [],
      "afterHooks": [],
      "tests": [],
      "suites": [
        {
          "uuid": "08125e9a-6505-4f7f-92eb-a68c817c577c",
          "title": "debug demo",
          "fullFile": "",
          "file": "",
          "beforeHooks": [],
          "afterHooks": [],
          "tests": [
            {
              "title": "debug demo",
              "fullTitle": "debug demo debug demo",
              "timedOut": null,
              "duration": 10899,
              "state": "failed",
              "speed": null,
              "pass": false,
              "fail": true,
              "pending": false,
              "context": null,
              "code": "cy.visit(\"https://angular.realworld.io\");\ncy.get('app-layout-header ul li a[href=\"/logins\"]').click();",
              "err": {
                "message": "CypressError: Timed out retrying: Expected to find element: 'app-layout-header ul li a[href=\"/logins\"]', but never found it.",
                "estack": "CypressError: Timed out retrying: Expected to find element: 'app-layout-header ul li a[href=\"/logins\"]', but never found it.\n    at Object.cypressErr (https://angular.realworld.io/__cypress/runner/cypress_runner.js:85348:11)\n    at Object.throwErr (https://angular.realworld.io/__cypress/runner/cypress_runner.js:85303:18)\n    at Object.throwErrByPath (https://angular.realworld.io/__cypress/runner/cypress_runner.js:85335:17)\n    at retry (https://angular.realworld.io/__cypress/runner/cypress_runner.js:77321:16)\n    at onFailFn (https://angular.realworld.io/__cypress/runner/cypress_runner.js:68422:16)\n    at tryCatcher (https://angular.realworld.io/__cypress/runner/cypress_runner.js:118962:23)\n    at Promise._settlePromiseFromHandler (https://angular.realworld.io/__cypress/runner/cypress_runner.js:116898:31)\n    at Promise._settlePromise (https://angular.realworld.io/__cypress/runner/cypress_runner.js:116955:18)\n    at Promise._settlePromise0 (https://angular.realworld.io/__cypress/runner/cypress_runner.js:117000:10)\n    at Promise._settlePromises (https://angular.realworld.io/__cypress/runner/cypress_runner.js:117075:18)\n    at Async../node_modules/bluebird/js/release/async.js.Async._drainQueue (https://angular.realworld.io/__cypress/runner/cypress_runner.js:113687:16)\n    at Async../node_modules/bluebird/js/release/async.js.Async._drainQueues (https://angular.realworld.io/__cypress/runner/cypress_runner.js:113697:10)\n    at Async.drainQueues (https://angular.realworld.io/__cypress/runner/cypress_runner.js:113571:14)\n    at <anonymous>",
                "diff": null
              },
              "uuid": "8476e849-a427-42b7-8193-d042a1b93a68",
              "parentUUID": "08125e9a-6505-4f7f-92eb-a68c817c577c",
              "isHook": false,
              "skipped": false
            }
          ],
          "suites": [],
          "passes": [],
          "failures": [
            "8476e849-a427-42b7-8193-d042a1b93a68"
          ],
          "pending": [],
          "skipped": [],
          "duration": 10899,
          "root": false,
          "rootEmpty": false,
          "_timeout": 2000
        }
      ],
      "passes": [],
      "failures": [],
      "pending": [],
      "skipped": [],
      "duration": 0,
      "root": true,
      "rootEmpty": true,
      "_timeout": 2000
    }
  ],
  "meta": {
    "mocha": {
      "version": "6.2.2"
    },
    "mochawesome": {
      "options": {
        "quiet": false,
        "reportFilename": "mochawesome",
        "saveHtml": false,
        "saveJson": true,
        "consoleReporter": "spec",
        "useInlineDiffs": false
      },
      "version": "4.1.0"
    },
    "marge": {
      "options": {
        "id": "default",
        "reportDir": "cypress/reports/mochawesome",
        "overwrite": false,
        "html": false,
        "json": true
      },
      "version": "4.0.1"
    }
  }
}